<?xml version="1.0" encoding="UTF-8"?>
<testsuite name="com.example.ChromeTest" tests="1" skipped="0" failures="0" errors="0" timestamp="2022-11-12T18:48:09" hostname="H-L-0009" time="4.037">
  <properties/>
  <testcase name="testLogin()" classname="com.example.ChromeTest" time="4.037"/>
  <system-out><![CDATA[]]></system-out>
  <system-err><![CDATA[SLF4J: Failed to load class "org.slf4j.impl.StaticLoggerBinder".
SLF4J: Defaulting to no-operation (NOP) logger implementation
SLF4J: See http://www.slf4j.org/codes.html#StaticLoggerBinder for further details.
Starting ChromeDriver 107.0.5304.62 (1eec40d3a5764881c92085aaee66d25075c159aa-refs/branch-heads/5304@{#942}) on port 21960
Only local connections are allowed.
Please see https://chromedriver.chromium.org/security-considerations for suggestions on keeping ChromeDriver safe.
ChromeDriver was started successfully.
]]></system-err>
</testsuite>
